<?xml version="1.0" encoding="UTF-8"?>
<testng-results ignored="0" total="3" passed="3" failed="0" skipped="0">
  <reporter-output>
  </reporter-output>
  <suite started-at="2023-08-05T07:54:40 IST" name="Default suite" finished-at="2023-08-05T07:55:07 IST" duration-ms="27396">
    <groups>
      <group name="cucumber">
        <method signature="AbstractTestNGCucumberTests.runScenario(io.cucumber.testng.PickleWrapper,io.cucumber.testng.FeatureWrapper)[pri:0, instance:TestRunner.RunnerTest@27406a17]" name="runScenario" class="io.cucumber.testng.AbstractTestNGCucumberTests"/>
      </group> <!-- cucumber -->
    </groups>
    <test started-at="2023-08-05T07:54:40 IST" name="Default test" finished-at="2023-08-05T07:55:07 IST" duration-ms="27396">
      <class name="TestRunner.RunnerTest">
        <test-method is-config="true" signature="setUpClass(org.testng.ITestContext)[pri:0, instance:TestRunner.RunnerTest@27406a17]" started-at="2023-08-05T07:54:40 IST" name="setUpClass" finished-at="2023-08-05T07:54:41 IST" duration-ms="815" status="PASS">
          <params>
            <param index="0">
              <value>
                <![CDATA[org.testng.TestRunner@6848a051]]>
              </value>
            </param>
          </params>
          <reporter-output>
          </reporter-output>
        </test-method> <!-- setUpClass -->
        <test-method signature="runScenario(io.cucumber.testng.PickleWrapper,io.cucumber.testng.FeatureWrapper)[pri:0, instance:TestRunner.RunnerTest@27406a17]" started-at="2023-08-05T07:54:41 IST" name="runScenario" description="Runs Cucumber Scenarios" data-provider="scenarios" finished-at="2023-08-05T07:54:54 IST" duration-ms="13201" status="PASS">
          <params>
            <param index="0">
              <value>
                <![CDATA["Test Login page functionality"]]>
              </value>
            </param>
            <param index="1">
              <value>
                <![CDATA["Test the Orange HRM application"]]>
              </value>
            </param>
          </params>
          <reporter-output>
          </reporter-output>
        </test-method> <!-- runScenario -->
        <test-method signature="runScenario(io.cucumber.testng.PickleWrapper,io.cucumber.testng.FeatureWrapper)[pri:0, instance:TestRunner.RunnerTest@27406a17]" started-at="2023-08-05T07:54:54 IST" name="runScenario" description="Runs Cucumber Scenarios" data-provider="scenarios" finished-at="2023-08-05T07:54:57 IST" duration-ms="3151" status="PASS">
          <params>
            <param index="0">
              <value>
                <![CDATA["Test Home Page functionality"]]>
              </value>
            </param>
            <param index="1">
              <value>
                <![CDATA["Test the Orange HRM application"]]>
              </value>
            </param>
          </params>
          <reporter-output>
          </reporter-output>
        </test-method> <!-- runScenario -->
        <test-method signature="runScenario(io.cucumber.testng.PickleWrapper,io.cucumber.testng.FeatureWrapper)[pri:0, instance:TestRunner.RunnerTest@27406a17]" started-at="2023-08-05T07:54:57 IST" name="runScenario" description="Runs Cucumber Scenarios" data-provider="scenarios" finished-at="2023-08-05T07:55:07 IST" duration-ms="10030" status="PASS">
          <params>
            <param index="0">
              <value>
                <![CDATA["Test PIM Page Functionality"]]>
              </value>
            </param>
            <param index="1">
              <value>
                <![CDATA["Test the Orange HRM application"]]>
              </value>
            </param>
          </params>
          <reporter-output>
          </reporter-output>
        </test-method> <!-- runScenario -->
        <test-method is-config="true" signature="tearDownClass()[pri:0, instance:TestRunner.RunnerTest@27406a17]" started-at="2023-08-05T07:55:07 IST" name="tearDownClass" finished-at="2023-08-05T07:55:07 IST" duration-ms="40" status="PASS">
          <reporter-output>
          </reporter-output>
        </test-method> <!-- tearDownClass -->
      </class> <!-- TestRunner.RunnerTest -->
    </test> <!-- Default test -->
  </suite> <!-- Default suite -->
</testng-results>
