<?xml version="1.0" encoding="UTF-8"?>
<testng-results ignored="0" total="4" passed="4" failed="0" skipped="0">
  <reporter-output>
  </reporter-output>
  <suite started-at="2023-08-05T14:42:13 IST" name="Default suite" finished-at="2023-08-05T14:43:01 IST" duration-ms="48418">
    <groups>
      <group name="cucumber">
        <method signature="AbstractTestNGCucumberTests.runScenario(io.cucumber.testng.PickleWrapper,io.cucumber.testng.FeatureWrapper)[pri:0, instance:TestRunner.RunnerTest@27406a17]" name="runScenario" class="io.cucumber.testng.AbstractTestNGCucumberTests"/>
      </group> <!-- cucumber -->
    </groups>
    <test started-at="2023-08-05T14:42:13 IST" name="Default test" finished-at="2023-08-05T14:43:01 IST" duration-ms="48418">
      <class name="TestRunner.RunnerTest">
        <test-method is-config="true" signature="setUpClass(org.testng.ITestContext)[pri:0, instance:TestRunner.RunnerTest@27406a17]" started-at="2023-08-05T14:42:13 IST" name="setUpClass" finished-at="2023-08-05T14:42:15 IST" duration-ms="1767" status="PASS">
          <params>
            <param index="0">
              <value>
                <![CDATA[org.testng.TestRunner@1eff3cfb]]>
              </value>
            </param>
          </params>
          <reporter-output>
          </reporter-output>
        </test-method> <!-- setUpClass -->
        <test-method signature="runScenario(io.cucumber.testng.PickleWrapper,io.cucumber.testng.FeatureWrapper)[pri:0, instance:TestRunner.RunnerTest@27406a17]" started-at="2023-08-05T14:42:15 IST" name="runScenario" description="Runs Cucumber Scenarios" data-provider="scenarios" finished-at="2023-08-05T14:42:42 IST" duration-ms="27435" status="PASS">
          <params>
            <param index="0">
              <value>
                <![CDATA["Test Login page functionality"]]>
              </value>
            </param>
            <param index="1">
              <value>
                <![CDATA["Test the Orange HRM application"]]>
              </value>
            </param>
          </params>
          <reporter-output>
          </reporter-output>
        </test-method> <!-- runScenario -->
        <test-method signature="runScenario(io.cucumber.testng.PickleWrapper,io.cucumber.testng.FeatureWrapper)[pri:0, instance:TestRunner.RunnerTest@27406a17]" started-at="2023-08-05T14:42:42 IST" name="runScenario" description="Runs Cucumber Scenarios" data-provider="scenarios" finished-at="2023-08-05T14:42:43 IST" duration-ms="738" status="PASS">
          <params>
            <param index="0">
              <value>
                <![CDATA["Test Home Page functionality"]]>
              </value>
            </param>
            <param index="1">
              <value>
                <![CDATA["Test the Orange HRM application"]]>
              </value>
            </param>
          </params>
          <reporter-output>
          </reporter-output>
        </test-method> <!-- runScenario -->
        <test-method signature="runScenario(io.cucumber.testng.PickleWrapper,io.cucumber.testng.FeatureWrapper)[pri:0, instance:TestRunner.RunnerTest@27406a17]" started-at="2023-08-05T14:42:43 IST" name="runScenario" description="Runs Cucumber Scenarios" data-provider="scenarios" finished-at="2023-08-05T14:42:56 IST" duration-ms="12434" status="PASS">
          <params>
            <param index="0">
              <value>
                <![CDATA["Test PIM Page Functionality"]]>
              </value>
            </param>
            <param index="1">
              <value>
                <![CDATA["Test the Orange HRM application"]]>
              </value>
            </param>
          </params>
          <reporter-output>
          </reporter-output>
        </test-method> <!-- runScenario -->
        <test-method signature="runScenario(io.cucumber.testng.PickleWrapper,io.cucumber.testng.FeatureWrapper)[pri:0, instance:TestRunner.RunnerTest@27406a17]" started-at="2023-08-05T14:42:56 IST" name="runScenario" description="Runs Cucumber Scenarios" data-provider="scenarios" finished-at="2023-08-05T14:43:01 IST" duration-ms="5814" status="PASS">
          <params>
            <param index="0">
              <value>
                <![CDATA["Test My info Page"]]>
              </value>
            </param>
            <param index="1">
              <value>
                <![CDATA["Test the Orange HRM application"]]>
              </value>
            </param>
          </params>
          <reporter-output>
          </reporter-output>
        </test-method> <!-- runScenario -->
        <test-method is-config="true" signature="tearDownClass()[pri:0, instance:TestRunner.RunnerTest@27406a17]" started-at="2023-08-05T14:43:01 IST" name="tearDownClass" finished-at="2023-08-05T14:43:01 IST" duration-ms="59" status="PASS">
          <reporter-output>
          </reporter-output>
        </test-method> <!-- tearDownClass -->
      </class> <!-- TestRunner.RunnerTest -->
    </test> <!-- Default test -->
  </suite> <!-- Default suite -->
</testng-results>
